<?xml version="1.0" encoding="UTF-8"?>
<testng-results skipped="0" failed="0" ignored="0" total="1" passed="1">
  <reporter-output>
  </reporter-output>
  <suite name="Default suite" duration-ms="8009" started-at="2020-09-24T17:32:17Z" finished-at="2020-09-24T17:32:25Z">
    <groups>
    </groups>
    <test name="Default test" duration-ms="8009" started-at="2020-09-24T17:32:17Z" finished-at="2020-09-24T17:32:25Z">
      <class name="Testcases.TC002_POST_Request">
        <test-method status="PASS" signature="add_users()[pri:0, instance:Testcases.TC002_POST_Request@7085bdee]" name="add_users" duration-ms="7932" started-at="2020-09-24T13:32:17Z" finished-at="2020-09-24T13:32:25Z">
          <reporter-output>
          </reporter-output>
        </test-method> <!-- add_users -->
      </class> <!-- Testcases.TC002_POST_Request -->
    </test> <!-- Default test -->
  </suite> <!-- Default suite -->
</testng-results>
